<?xml version="1.0" encoding="UTF-8"?>
<testsuite xmlns:xsi="http://www.w3.org/2001/XMLSchema-instance" xsi:noNamespaceSchemaLocation="https://maven.apache.org/surefire/maven-surefire-plugin/xsd/surefire-test-report.xsd" name="ssvv.example.AssignmentTest" time="0.01" tests="8" errors="0" skipped="0" failures="0">
  <properties>
    <property name="sun.desktop" value="windows"/>
    <property name="awt.toolkit" value="sun.awt.windows.WToolkit"/>
    <property name="java.specification.version" value="11"/>
    <property name="sun.cpu.isalist" value="amd64"/>
    <property name="sun.jnu.encoding" value="Cp1252"/>
    <property name="java.class.path" value="D:\.Uni\SSVV\App\SSVV\VreauSaMor\target\test-classes;D:\.Uni\SSVV\App\SSVV\VreauSaMor\target\classes;C:\Users\Samuel\.m2\repository\junit\junit\4.11\junit-4.11.jar;C:\Users\Samuel\.m2\repository\org\hamcrest\hamcrest-core\1.3\hamcrest-core-1.3.jar;C:\Users\Samuel\.m2\repository\org\junit\jupiter\junit-jupiter\5.10.2\junit-jupiter-5.10.2.jar;C:\Users\Samuel\.m2\repository\org\junit\jupiter\junit-jupiter-api\5.10.2\junit-jupiter-api-5.10.2.jar;C:\Users\Samuel\.m2\repository\org\opentest4j\opentest4j\1.3.0\opentest4j-1.3.0.jar;C:\Users\Samuel\.m2\repository\org\junit\platform\junit-platform-commons\1.10.2\junit-platform-commons-1.10.2.jar;C:\Users\Samuel\.m2\repository\org\apiguardian\apiguardian-api\1.1.2\apiguardian-api-1.1.2.jar;C:\Users\Samuel\.m2\repository\org\junit\jupiter\junit-jupiter-params\5.10.2\junit-jupiter-params-5.10.2.jar;C:\Users\Samuel\.m2\repository\org\junit\jupiter\junit-jupiter-engine\5.10.2\junit-jupiter-engine-5.10.2.jar;C:\Users\Samuel\.m2\repository\org\junit\platform\junit-platform-engine\1.10.2\junit-platform-engine-1.10.2.jar;"/>
    <property name="java.vm.vendor" value="Microsoft"/>
    <property name="sun.arch.data.model" value="64"/>
    <property name="user.variant" value=""/>
    <property name="java.vendor.url" value="https://www.microsoft.com"/>
    <property name="user.timezone" value="Europe/Bucharest"/>
    <property name="java.vm.specification.version" value="11"/>
    <property name="os.name" value="Windows 10"/>
    <property name="sun.java.launcher" value="SUN_STANDARD"/>
    <property name="user.country" value="US"/>
    <property name="sun.boot.library.path" value="C:\Program Files\Microsoft\jdk-11.0.20.8-hotspot\bin"/>
    <property name="sun.java.command" value="C:\Users\Samuel\AppData\Local\Temp\surefire13281167646692073627\surefirebooter7558429573694497154.jar C:\Users\Samuel\AppData\Local\Temp\surefire13281167646692073627 2024-03-27T15-41-49_029-jvmRun1 surefire18105352226149087702tmp surefire_0186034211620900005tmp"/>
    <property name="jdk.debug" value="release"/>
    <property name="surefire.test.class.path" value="D:\.Uni\SSVV\App\SSVV\VreauSaMor\target\test-classes;D:\.Uni\SSVV\App\SSVV\VreauSaMor\target\classes;C:\Users\Samuel\.m2\repository\junit\junit\4.11\junit-4.11.jar;C:\Users\Samuel\.m2\repository\org\hamcrest\hamcrest-core\1.3\hamcrest-core-1.3.jar;C:\Users\Samuel\.m2\repository\org\junit\jupiter\junit-jupiter\5.10.2\junit-jupiter-5.10.2.jar;C:\Users\Samuel\.m2\repository\org\junit\jupiter\junit-jupiter-api\5.10.2\junit-jupiter-api-5.10.2.jar;C:\Users\Samuel\.m2\repository\org\opentest4j\opentest4j\1.3.0\opentest4j-1.3.0.jar;C:\Users\Samuel\.m2\repository\org\junit\platform\junit-platform-commons\1.10.2\junit-platform-commons-1.10.2.jar;C:\Users\Samuel\.m2\repository\org\apiguardian\apiguardian-api\1.1.2\apiguardian-api-1.1.2.jar;C:\Users\Samuel\.m2\repository\org\junit\jupiter\junit-jupiter-params\5.10.2\junit-jupiter-params-5.10.2.jar;C:\Users\Samuel\.m2\repository\org\junit\jupiter\junit-jupiter-engine\5.10.2\junit-jupiter-engine-5.10.2.jar;C:\Users\Samuel\.m2\repository\org\junit\platform\junit-platform-engine\1.10.2\junit-platform-engine-1.10.2.jar;"/>
    <property name="sun.cpu.endian" value="little"/>
    <property name="user.home" value="C:\Users\Samuel"/>
    <property name="user.language" value="en"/>
    <property name="java.specification.vendor" value="Oracle Corporation"/>
    <property name="java.version.date" value="2023-07-18"/>
    <property name="java.home" value="C:\Program Files\Microsoft\jdk-11.0.20.8-hotspot"/>
    <property name="file.separator" value="\"/>
    <property name="basedir" value="D:\.Uni\SSVV\App\SSVV\VreauSaMor"/>
    <property name="java.vm.compressedOopsMode" value="Zero based"/>
    <property name="line.separator" value="&#10;"/>
    <property name="java.specification.name" value="Java Platform API Specification"/>
    <property name="java.vm.specification.vendor" value="Oracle Corporation"/>
    <property name="java.awt.graphicsenv" value="sun.awt.Win32GraphicsEnvironment"/>
    <property name="surefire.real.class.path" value="C:\Users\Samuel\AppData\Local\Temp\surefire13281167646692073627\surefirebooter7558429573694497154.jar"/>
    <property name="user.script" value=""/>
    <property name="sun.management.compiler" value="HotSpot 64-Bit Tiered Compilers"/>
    <property name="java.runtime.version" value="11.0.20+8-LTS"/>
    <property name="user.name" value="Samuel"/>
    <property name="path.separator" value=";"/>
    <property name="os.version" value="10.0"/>
    <property name="java.runtime.name" value="OpenJDK Runtime Environment"/>
    <property name="file.encoding" value="Cp1252"/>
    <property name="java.vm.name" value="OpenJDK 64-Bit Server VM"/>
    <property name="java.vendor.version" value="Microsoft-8035250"/>
    <property name="localRepository" value="C:\Users\Samuel\.m2\repository"/>
    <property name="java.vendor.url.bug" value="https://github.com/microsoft/openjdk/issues"/>
    <property name="java.io.tmpdir" value="C:\Users\Samuel\AppData\Local\Temp\"/>
    <property name="idea.version" value="2023.3.4"/>
    <property name="java.version" value="11.0.20"/>
    <property name="user.dir" value="D:\.Uni\SSVV\App\SSVV\VreauSaMor"/>
    <property name="os.arch" value="amd64"/>
    <property name="java.vm.specification.name" value="Java Virtual Machine Specification"/>
    <property name="java.awt.printerjob" value="sun.awt.windows.WPrinterJob"/>
    <property name="sun.os.patch.level" value=""/>
    <property name="java.library.path" value="C:\Program Files\Microsoft\jdk-11.0.20.8-hotspot\bin;C:\Windows\Sun\Java\bin;C:\Windows\system32;C:\Windows;C:\Program Files\NVIDIA GPU Computing Toolkit\CUDA\v10.0\bin;C:\Program Files\NVIDIA GPU Computing Toolkit\CUDA\v10.0\libnvvp;;;;C:\Program Files (x86)\Common Files\Oracle\Java\javapath;C:\Program Files\Microsoft MPI\Bin\;C:\Program Files\Microsoft\jdk-11.0.20.8-hotspot\bin;C:\Windows\system32;C:\Windows;C:\Windows\System32\Wbem;C:\Windows\System32\WindowsPowerShell\v1.0\;C:\Windows\System32\OpenSSH\;C:\Program Files\NVIDIA Corporation\NVIDIA NvDLISR;C:\Program Files (x86)\NVIDIA Corporation\PhysX\Common;C:\Program Files\dotnet\;C:\Program Files\PuTTY\;C:\Program Files\Git\cmd;C:\Program Files\Azure Data Studio\bin;C:\Program Files (x86)\Microsoft SQL Server\160\Tools\Binn\;C:\Program Files\Microsoft SQL Server\160\Tools\Binn\;C:\Program Files\Microsoft SQL Server\Client SDK\ODBC\170\Tools\Binn\;C:\Program Files\Microsoft SQL Server\160\DTS\Binn\;D:\GdPicture.NET 14\Redist;C:\ProgramData\chocolatey\bin;C:\Program Files\Docker\Docker\resources\bin;D:\cuda\bin;D:\cuda\include;D:\cuda\lib\x64;C:\Program Files (x86)\Bitvise SSH Client;C:\Program Files (x86)\Windows Kits\10\Windows Performance Toolkit\;C:\Users\Samuel\AppData\Roaming\nvm;C:\Program Files\nodejs;C:\Program Files (x86)\Microsoft SQL Server\150\Tools\Binn\;C:\Program Files\Microsoft SQL Server\150\Tools\Binn\;C:\Program Files\Microsoft SQL Server\150\DTS\Binn\;D:\Matlab\runtime\win64;D:\Matlab\bin;D:\Matlab\polyspace\bin;C:\Users\Samuel\AppData\Local\Programs\Python\Python311;C:\Users\Samuel\AppData\Local\Programs\Python\Python311\Scripts;C:\Users\Samuel\.console-ninja\.bin;C:\Users\Samuel\AppData\Local\Programs\Microsoft VS Code\bin;C:\Users\Samuel\AppData\Local\GitHubDesktop\bin;C:\MinGW\bin;C:\Program Files\PostgreSQL\15\bin;C:\Program Files\Azure Data Studio\bin;D:\GdPicture.NET 14\Redist;C:\Users\Samuel\.dotnet\tools;C:\Users\Samuel\AppData\Roaming\npm;C:\Program Files (x86)\GnuWin32\bin;D:\Flex Windows\gcc\bin;D:\Flex Windows\Lex\bin;D:\Flex Windows\bison\bin;C:\Users\Samuel\AppData\Local\Android\Sdk\platform-tools;C:\Users\Samuel\AppData\Roaming\nvm;C:\Program Files\nodejs;C:\Program Files\JetBrains\IntelliJ IDEA Community Edition 2023.3.4\bin;;C:\Users\Samuel\AppData\Local\Microsoft\WindowsApps;C:\Program Files (x86)\GnuWin32;C:\Program Files\NVIDIA GPU Computing Toolkit\CUDA\v12.1\bin;;."/>
    <property name="java.vm.info" value="mixed mode"/>
    <property name="java.vendor" value="Microsoft"/>
    <property name="java.vm.version" value="11.0.20+8-LTS"/>
    <property name="java.specification.maintenance.version" value="2"/>
    <property name="sun.io.unicode.encoding" value="UnicodeLittle"/>
    <property name="java.class.version" value="55.0"/>
  </properties>
  <testcase name="testAddAssignment_DeadlineGreaterThan14" classname="ssvv.example.AssignmentTest" time="0"/>
  <testcase name="testAddAssignment_EmptyDescription" classname="ssvv.example.AssignmentTest" time="0"/>
  <testcase name="testAddAssignment_ReceiveGreaterThan14" classname="ssvv.example.AssignmentTest" time="0"/>
  <testcase name="testAddAssignment_Success" classname="ssvv.example.AssignmentTest" time="0"/>
  <testcase name="testAddAssignment_EmptyId" classname="ssvv.example.AssignmentTest" time="0.002"/>
  <testcase name="testAddAssignment_ReceiveLessThan1" classname="ssvv.example.AssignmentTest" time="0.002"/>
  <testcase name="testAddAssignment_DeadlineLessThan1" classname="ssvv.example.AssignmentTest" time="0.002"/>
  <testcase name="testAddAssignment_NullId" classname="ssvv.example.AssignmentTest" time="0.002"/>
</testsuite>