<?xml version="1.0" encoding="UTF-8" standalone="no"?><inbox><student idStudent="2"><nume>A</nume><grupa>1</grupa><email>a@a</email></student><student idStudent="8"><nume>H</nume><grupa>8</grupa><email>a@a</email></student></inbox>